pymel.core : INFO : Updating pymel with pre-loaded plugins: renderSetup
Warning: file: C:/Program Files/Autodesk/Maya2018/scripts/startup/initialStartup.mel line 179: Y-axis is already the Up-axis
Warning: file: C:\Users\mydjp\Documents\maya\2018\prefs\filePathEditorRegistryPrefs.mel line 4: filePathEditor: Attribute 'aiImage.filename' is invalid or is not designated 'usedAsFilename'.
Warning: file: C:\Users\mydjp\Documents\maya\2018\prefs\filePathEditorRegistryPrefs.mel line 5: filePathEditor: Attribute 'aiStandIn.dso' is invalid or is not designated 'usedAsFilename'.
Warning: file: C:\Users\mydjp\Documents\maya\2018\prefs\filePathEditorRegistryPrefs.mel line 6: filePathEditor: Attribute 'aiVolume.filename' is invalid or is not designated 'usedAsFilename'.
AbcExport v1.0 using Alembic 1.5.8 (built Jul 13 2016 18:28:45)
Initialized VP2.0 renderer {
  Version : 2016.11.35.12. Feature Level 5.
  Adapter : GeForce GTX 1080 Ti/PCIe/SSE2
  Vendor ID: 4318. Device ID : 6918
  Driver : .
  API : OpenGL V.4.6.
  Max texture size : 16384 * 16384.
  Max tex coords : 32
  Shader versions supported (Vertex: 5, Geometry: 5, Pixel 5).
  Shader compiler profile : (Best card profile)
  Active stereo support available : 0
  GPU Memory Limit : 11264 MB.
  CPU Memory Limit: 46643.8 MB.
}
OpenCL evaluator is attempting to initialize OpenCL.
Detected 1 OpenCL Platforms: 
 0: NVIDIA Corporation. NVIDIA CUDA. OpenCL 1.2 CUDA 9.1.84.
 Supported extensions: cl_khr_global_int32_base_atomics cl_khr_global_int32_extended_atomics cl_khr_local_int32_base_atomics cl_khr_local_int32_extended_atomics cl_khr_fp64 cl_khr_byte_addressable_store cl_khr_icd cl_khr_gl_sharing cl_nv_compiler_options cl_nv_device_attribute_query cl_nv_pragma_unroll cl_nv_d3d10_sharing cl_khr_d3d10_sharing cl_nv_d3d11_sharing cl_nv_copy_opts cl_nv_create_buffer
OpenCL evaluator choosing OpenCL platform NVIDIA Corporation.
OpenCL evaluator is unable to find a GPU device that can share VBOs with OpenGL.
Warning: file: C:/Program Files/Autodesk/Maya2018/scripts/startup/autoLoadPlugin.mel line 35: Loading plug-in "lookdevKit" has resulted in changes to the scene that may need to be saved.
Warning: line 1: filePathEditor: Attribute 'aiStandIn.dso' and label 'Standin' have been saved already.
Warning: line 1: filePathEditor: Attribute 'aiVolume.filename' and label 'VDB' have been saved already.
00:00:00   515MB WARNING |  node "MayaMultiplyDivide" is already installed
00:00:00   515MB WARNING |  node "MayaClamp" is already installed
00:00:00   515MB WARNING |  node "MayaGammaCorrect" is already installed
00:00:00   515MB WARNING |  node "MayaCondition" is already installed
00:00:00   515MB WARNING |  node "MayaReverse" is already installed
Warning: line 1: filePathEditor: Attribute 'aiImage.filename' and label 'Image' have been saved already.
Successfully imported python module 'arnold'
Successfully imported python module 'mtoa'
Maya 2018 importing module pymel 1.0.10 (C:\Program Files\Autodesk\Maya2018\Python\lib\site-packages\pymel\__init__.pyc)
Successfully registered renderer 'arnold'
AbcImport v1.0 using Alembic 1.5.8 (built Jul 13 2016 18:28:45)
Warning: Plug-in, "AbcExport.mll", is already loaded.  Skipped.
Warning: Plug-in, "mtoa.mll", is already loaded.  Skipped.
hlp = xgenm.xmaya.xgmArchiveExport.xgmArchiveExport()
hlp.processDir( 'wheet', 'C:/Users/mydjp/Documents/gitrepo/2210Fall2018/project2/xgen/archives/', ['C:/Users/mydjp/AppData/Local/Temp/mydjp.20181106.1417.ma'], ['|pCylinder5'], 0, '0.0', '0.0', 1.000000, 1.000000 )
[  0.00%] creating sub directoriesC:/Users/mydjp/Documents/gitrepo/2210Fall2018/project2/xgen/archives/
[  0.00%]  processing file C:/Users/mydjp/AppData/Local/Temp/mydjp.20181106.1417.ma
[  0.00%]   processing scene C:/Users/mydjp/Documents/gitrepo/2210Fall2018/project2/xgen/archives/wheet
[  0.00%]    openScene C:/Users/mydjp/AppData/Local/Temp/mydjp.20181106.1417.ma
File read in  0.082 seconds.
File read in  0.082 seconds.
Importing XGen Collections...
Done.
Error: file: C:/Program Files/Autodesk/Maya2018/plug-ins/xgen/scripts/xgen.mel line 627: AttributeError: file <maya console> line 1: 'NoneType' object has no attribute 'tracking'
Error: XGen:  Failed to find grass.png 
Error: XGen:  Searched path includes:
                 C:/Users/mydjp/Documents/gitrepo/2210Fall2018/project2/xgen/collections/GrassCollection/grass.png (Part of path doesn't exist)
                 C:/Users/mydjp/Documents/xgen/grass.png (Part of path doesn't exist)
                 C:/Program Files/Autodesk/Maya2018/plug-ins/xgen/presets/grass.png (Part of path doesn't exist) 
Error: XGen:  Failed to find grass.png 
Error: XGen:  Searched path includes:
                 C:/Users/mydjp/Documents/gitrepo/2210Fall2018/project2/xgen/collections/GrassCollection/grass.png (Part of path doesn't exist)
                 C:/Users/mydjp/Documents/xgen/grass.png (Part of path doesn't exist)
                 C:/Program Files/Autodesk/Maya2018/plug-ins/xgen/presets/grass.png (Part of path doesn't exist) 
Error: file: C:/Program Files/Autodesk/Maya2018/plug-ins/xgen/scripts/xgen.mel line 590: AttributeError: file <maya console> line 1: 'NoneType' object has no attribute 'tracking'
[  0.00%]    fixNodeToShapeParent objs - ['|pCylinder5']
[  0.00%]    fixNodeToShapeParent shapeParentObj - ['|pCylinder5']
[ 25.00%]    processScene 1 ['|pCylinder5']
[ 25.00%]    processScene 2 ['|pCylinder5']
[  0.00%]     splitByShadingGroups ['|pCylinder5']
[  0.00%]     getSGsFromObj |pCylinder5
[  0.00%]     getSGsFromObj( |pCylinder5 ) returned [u'initialShadingGroup']
[ 12.50%]    processScene ['|pCylinder5']
[ 12.50%]    before archiveExport ['|pCylinder5']
[  0.00%]     archiveExport alembic object: ['|pCylinder5']
[  0.00%]     abcExport C:/Users/mydjp/Documents/gitrepo/2210Fall2018/project2/xgen/archives/abc/wheet.abc
[  0.00%]     abcExport objects ['|pCylinder5']
[  0.00%]     abcExport select objects [u'|pCylinder5|pCylinder5Shape']
[  0.00%]     abcExport -selection -uvWrite -frameRange 1.000000 1.000000 -worldSpace -file "C:/Users/mydjp/Documents/gitrepo/2210Fall2018/project2/xgen/archives/abc/wheet.abc"
[  0.00%]     getSGsFromObj |pCylinder5
[ 25.00%]     archiveExport for callbacks
[  0.00%]      assExport C:/Users/mydjp/Documents/gitrepo/2210Fall2018/project2/xgen/archives/ass/wheet
[  0.00%]      assExport C:/Users/mydjp/Documents/gitrepo/2210Fall2018/project2/xgen/archives/ass/wheet__pCylinder5.ass.gz
[  0.00%]      getSGsFromObj |pCylinder5
[ 25.00%]     archiveExport for callbacks finished
[  8.33%]    before materialExport ['|pCylinder5']
[  8.33%]    materialExport C:/Users/mydjp/Documents/gitrepo/2210Fall2018/project2/xgen/archives/materials/wheet.ma
[  8.33%]    getSGsFromObj |pCylinder5
[100.00%]  done in 0.250 sec C:/Users/mydjp/Documents/gitrepo/2210Fall2018/project2/xgen/archives/
Error: file: C:/Program Files/Autodesk/Maya2018/plug-ins/xgen/scripts/xgen.mel line 878: AttributeError: file <maya console> line 1: 'NoneType' object has no attribute 'deleteAll'
